#
# A fatal error has been detected by the Java Runtime Environment:
#
#  EXCEPTION_ACCESS_VIOLATION (0xc0000005) at pc=0x00007ffbde6bf0e0, pid=3032, tid=7852
#
# JRE version: OpenJDK Runtime Environment Temurin-17.0.5+8 (17.0.5+8) (build 17.0.5+8)
# Java VM: OpenJDK 64-Bit Server VM Temurin-17.0.5+8 (17.0.5+8, mixed mode, tiered, compressed oops, compressed class ptrs, g1 gc, windows-amd64)
# Problematic frame:
# V  [jvm.dll+0x79f0e0]
#
# No core dump will be written. Minidumps are not enabled by default on client versions of Windows
#
# If you would like to submit a bug report, please visit:
#   https://github.com/adoptium/adoptium-support/issues
#

---------------  S U M M A R Y ------------

Command Line: -Dfile.encoding=UTF-8 -XX:+ShowCodeDetailsInExceptionMessages methodswd.CloseMethod

Host: Intel(R) Core(TM) i5-2430M CPU @ 2.40GHz, 4 cores, 3G,  Windows 10 , 64 bit Build 19041 (10.0.19041.2546)
Time: Mon Apr  3 07:29:45 2023 India Standard Time elapsed time: 0.541646 seconds (0d 0h 0m 0s)

---------------  T H R E A D  ---------------

Current thread (0x000001ecf9765da0):  JavaThread "C2 CompilerThread0" daemon [_thread_in_vm, id=7852, stack(0x0000004b86c00000,0x0000004b86d00000)]

Stack: [0x0000004b86c00000,0x0000004b86d00000],  sp=0x0000004b86cff968,  free space=1022k
Native frames: (J=compiled Java code, j=interpreted, Vv=VM code, C=native code)
V  [jvm.dll+0x79f0e0]


siginfo: EXCEPTION_ACCESS_VIOLATION (0xc0000005), reading address 0x000001eef9600008


Register to memory mapping:

RIP=0x00007ffbde6bf0e0 jvm.dll
RAX=0x00007ffbde84f598 jvm.dll
RBX=0x000001ecf977fed0 points into unknown readable memory: 0x00007ffbde84f598 | 98 f5 84 de fb 7f 00 00
RCX=0x000001eef9600008 is an unknown value
RDX=0x000001eef9600008 is an unknown value
RSP=0x0000004b86cff968 is pointing into the stack for thread: 0x000001ecf9765da0
RBP=0x0000004b86cffb90 is pointing into the stack for thread: 0x000001ecf9765da0
RSI=0x0000004b86cffa58 is pointing into the stack for thread: 0x000001ecf9765da0
RDI=0x000001ecf97719d0 points into unknown readable memory: 0x000001ecf9759120 | 20 91 75 f9 ec 01 00 00
R8 =0x0 is NULL
R9 =0x000001ecf9810498 is pointing into metadata
R10=0x0000000000000001 is an unknown value
R11=0x0000000000000347 is an unknown value
R12=0x00000001000427c8 is a pointer to class: 
java.lang.Class {0x00000001000427d0}
 - instance size:     14
 - klass size:        95
 - access:            public final synchronized 
 - state:             fully_initialized
 - name:              'java/lang/Class'
 - super:             'java/lang/Object'
 - sub:               
 - arrays:            'java/lang/Class'[]
 - methods:           Array<T>(0x000001ecf9815658)
 - method ordering:   Array<T>(0x000001ecf9800018)
 - default_methods:   Array<T>(0x0000000000000000)
 - local interfaces:  Array<T>(0x000001ecf9813aa8)
 - trans. interfaces: Array<T>(0x000001ecf981ef00)
 - constants:         constant pool [1611]/operands[49] {0x000001ecf98104a0} for 'java/lang/Class' cache=0x000001ecf993df38
 - class loader data:  loader data: 0x000001ece26bcd80 of 'bootstrap'
 - source file:       'Class.java'
 - class annotations:       Array<T>(0x0000000000000000)
 - class type annotations:  Array<T>(0x0000000000000000)
 - field annotations:       Array<T>(0x0000000000000000)
 - field type annotations:  Array<T>(0x0000000000000000)
 - generic signature: '<T:Ljava/lang/Object;>Ljava/lang/Object;Ljava/io/Serializable;Ljava/lang/reflect/GenericDeclaration;Ljava/lang/reflect/Type;Ljava/lang/reflect/AnnotatedElement;Ljava/lang/invoke/TypeDescriptor$OfField<Ljava/lang/Class<*>;>;Ljava/lang/constant/Constable;'
 - inner classes:     Array<T>(0x000001ecf981ee70)
 - nest members:     Array<T>(0x000001ecf981eee8)
 - permitted subclasses:     Array<T>(0x000001ecf9800028)
 - java mirror:       a 'java/lang/Class'{0x00000000c4b00d88} = 'java/lang/Class'
 - vtable length      5  (start addr: 0x0000000100042990)
 - itable length      32 (start addr: 0x00000001000429b8)
 - ---- static fields (5 words):
 - private static final 'ANNOTATION' 'I' @136 
 - private static final 'ENUM' 'I' @140 
 - private static final 'SYNTHETIC' 'I' @144 
 - private static 'allPermDomain' 'Ljava/security/ProtectionDomain;' @112 
 - private static final 'EMPTY_CLASS_ARRAY' '[Ljava/lang/Class;' @116 
 - private static final 'serialVersionUID' 'J' @128 
 - private static final 'serialPersistentFields' '[Ljava/io/ObjectStreamField;' @120 
 - private static 'reflectionFactory' 'Ljdk/internal/reflect/ReflectionFactory;' @124 
 - ---- non-static fields (24 words):
 - private volatile transient 'classRedefinedCount' 'I' @12 
 - private volatile transient 'cachedConstructor' 'Ljava/lang/reflect/Constructor;' @40 
 - private transient 'name' 'Ljava/lang/String;' @44 
 - private transient 'module' 'Ljava/lang/Module;' @48 
 - private final 'classLoader' 'Ljava/lang/ClassLoader;' @52 
 - private transient 'classData' 'Ljava/lang/Object;' @56 
 - private transient 'packageName' 'Ljava/lang/String;' @60 
 - private final 'componentType' 'Ljava/lang/Class;' @64 
 - private volatile transient 'reflectionData' 'Ljava/lang/ref/SoftReference;' @68 
 - private volatile transient 'genericInfo' 'Lsun/reflect/generics/repository/ClassRepository;' @72 
 - private volatile transient '
[error occurred during error reporting (printing register info), id 0xc0000005, EXCEPTION_ACCESS_VIOLATION (0xc0000005) at pc=0x00007ffbde6bfab6]

Registers:
RAX=0x00007ffbde84f598, RBX=0x000001ecf977fed0, RCX=0x000001eef9600008, RDX=0x000001eef9600008
RSP=0x0000004b86cff968, RBP=0x0000004b86cffb90, RSI=0x0000004b86cffa58, RDI=0x000001ecf97719d0
R8 =0x0000000000000000, R9 =0x000001ecf9810498, R10=0x0000000000000001, R11=0x0000000000000347
R12=0x00000001000427c8, R13=0x000001ecf972d370, R14=0x00007ffbdeaa66b0, R15=0x0000000000000000
RIP=0x00007ffbde6bf0e0, EFLAGS=0x0000000000010202

Top of Stack: (sp=0x0000004b86cff968)
0x0000004b86cff968:   00007ffbde0f87aa 0000004b86cff9d0
0x0000004b86cff978:   0000004b86cffb90 00007ffbdeaa66b0
0x0000004b86cff988:   000001ecf972d370 000001eef9600008
0x0000004b86cff998:   00007ffbde0f4f64 000001eef9600008
0x0000004b86cff9a8:   000001ecf97719d0 0000004b86cffb90
0x0000004b86cff9b8:   000001ecf972d320 0000000000000000
0x0000004b86cff9c8:   00007ffbde0e54e7 000001ecf977fe80
0x0000004b86cff9d8:   0000004b86cffa58 000001ecf9759120
0x0000004b86cff9e8:   0000000000000017 000001ecf9759120
0x0000004b86cff9f8:   00007ffbde0e7a67 000001ecf977f9a0
0x0000004b86cffa08:   0000004b86cffa70 000001ecf9810498
0x0000004b86cffa18:   0000000000000017 00000001000427c8
0x0000004b86cffa28:   00007ffbddfcbd9c 000001ecf98154d8
0x0000004b86cffa38:   000001ecf9810498 000001ecf9765da0
0x0000004b86cffa48:   0000001700000012 0000420f000000b8
0x0000004b86cffa58:   00000012000008c2 000001ecf9810498 

Instructions: (pc=0x00007ffbde6bf0e0)
0x00007ffbde6befe0:   48 89 5c 24 08 48 89 6c 24 10 48 89 74 24 18 57
0x00007ffbde6beff0:   48 83 ec 20 0f b7 51 04 48 8b f1 48 83 c1 06 e8
0x00007ffbde6bf000:   4c c8 06 00 33 d2 8d 58 01 48 63 cb e8 3f da f2
0x00007ffbde6bf010:   ff 0f b7 56 04 48 8d 4e 06 44 8b cb 4c 8b c0 48
0x00007ffbde6bf020:   8b f8 e8 79 c1 06 00 48 8b 5c 24 30 48 8b c7 48
0x00007ffbde6bf030:   8b 6c 24 38 48 8b 74 24 40 48 83 c4 20 5f c3 cc
0x00007ffbde6bf040:   48 89 5c 24 18 48 89 74 24 20 57 48 83 ec 20 48
0x00007ffbde6bf050:   8b da 48 8d 71 06 0f b7 51 04 4c 8d 4c 24 30 48
0x00007ffbde6bf060:   8b ce 4c 8d 44 24 38 e8 54 c9 06 00 48 63 c8 33
0x00007ffbde6bf070:   d2 48 03 c9 89 03 e8 d5 d9 f2 ff 44 8b 03 48 8b
0x00007ffbde6bf080:   f8 45 85 c0 7e 0e 48 8b d0 48 8b ce e8 af bd 06
0x00007ffbde6bf090:   00 48 8b c7 48 8b 5c 24 40 48 8b 74 24 48 48 83
0x00007ffbde6bf0a0:   c4 20 5f c3 cc cc cc cc cc cc cc cc cc cc cc cc
0x00007ffbde6bf0b0:   8b 01 0f b7 d0 81 fa ff ff 00 00 74 1b 0f 1f 00
0x00007ffbde6bf0c0:   85 d2 74 14 8d 50 ff f0 0f b1 11 74 0b 0f b7 d0
0x00007ffbde6bf0d0:   81 fa ff ff 00 00 75 e8 c3 cc cc cc cc cc cc cc
0x00007ffbde6bf0e0:   8b 01 0f b7 d0 81 fa ff ff 00 00 74 1b 0f 1f 00
0x00007ffbde6bf0f0:   85 d2 74 14 8d 50 01 f0 0f b1 11 74 0b 0f b7 d0
0x00007ffbde6bf100:   81 fa ff ff 00 00 75 e8 c3 cc cc cc cc cc cc cc
0x00007ffbde6bf110:   40 55 41 57 48 83 ec 38 49 63 e9 4d 8b f8 45 85
0x00007ffbde6bf120:   c9 7f 0a 33 c0 48 83 c4 38 41 5f 5d c3 48 89 5c
0x00007ffbde6bf130:   24 50 48 89 74 24 58 0f b7 71 04 48 89 7c 24 60
0x00007ffbde6bf140:   48 2b f5 4c 89 64 24 30 4c 89 6c 24 28 4c 8d 69
0x00007ffbde6bf150:   06 48 63 da 49 03 f5 49 03 dd 4c 89 74 24 20 48
0x00007ffbde6bf160:   3b de 77 62 41 0f be 00 0f 1f 84 00 00 00 00 00
0x00007ffbde6bf170:   4c 8b c6 8b d0 4c 2b c3 48 8b cb 49 ff c0 e8 2d
0x00007ffbde6bf180:   e4 0e 00 48 8b f8 48 85 c0 74 3b 48 8d 58 01 83
0x00007ffbde6bf190:   fd 02 7f 0e 42 0f b6 4c 3d ff 33 d2 38 4c 05 ff
0x00007ffbde6bf1a0:   eb 14 49 8d 57 01 48 8b cb 4c 8d 45 ff e8 f8 e3
0x00007ffbde6bf1b0:   0e 00 33 d2 85 c0 0f 94 c2 85 d2 75 34 41 0f be
0x00007ffbde6bf1c0:   07 48 3b de 76 aa b8 ff ff ff ff 4c 8b 6c 24 28
0x00007ffbde6bf1d0:   4c 8b 64 24 30 48 8b 7c 24 60 48 8b 74 24 58 48 


Stack slot to memory mapping:
stack at sp + 0 slots: 0x00007ffbde0f87aa jvm.dll
stack at sp + 1 slots: 0x0000004b86cff9d0 is pointing into the stack for thread: 0x000001ecf9765da0
stack at sp + 2 slots: 0x0000004b86cffb90 is pointing into the stack for thread: 0x000001ecf9765da0
stack at sp + 3 slots: 0x00007ffbdeaa66b0 jvm.dll
stack at sp + 4 slots: 0x000001ecf972d370 points into unknown readable memory: 0x8000000000000001 | 01 00 00 00 00 00 00 80
stack at sp + 5 slots: 0x000001eef9600008 is an unknown value
stack at sp + 6 slots: 0x00007ffbde0f4f64 jvm.dll
stack at sp + 7 slots: 0x000001eef9600008 is an unknown value


---------------  P R O C E S S  ---------------

Threads class SMR info:
_java_thread_list=0x000001ece0476a60, length=10, elements={
0x000001ece261d0f0, 0x000001ecf96fdae0, 0x000001ecf96fec20, 0x000001ecf975c030,
0x000001ecf975f910, 0x000001ecf97601d0, 0x000001ecf9764fa0, 0x000001ecf9765da0,
0x000001ecf976efc0, 0x000001ecf9782180
}

Java Threads: ( => current thread )
  0x000001ece261d0f0 JavaThread "main" [_thread_in_vm, id=5424, stack(0x0000004b85f00000,0x0000004b86000000)]
  0x000001ecf96fdae0 JavaThread "Reference Handler" daemon [_thread_blocked, id=6896, stack(0x0000004b86600000,0x0000004b86700000)]
  0x000001ecf96fec20 JavaThread "Finalizer" daemon [_thread_blocked, id=240, stack(0x0000004b86700000,0x0000004b86800000)]
  0x000001ecf975c030 JavaThread "Signal Dispatcher" daemon [_thread_blocked, id=5916, stack(0x0000004b86800000,0x0000004b86900000)]
  0x000001ecf975f910 JavaThread "Attach Listener" daemon [_thread_blocked, id=5584, stack(0x0000004b86900000,0x0000004b86a00000)]
  0x000001ecf97601d0 JavaThread "Service Thread" daemon [_thread_blocked, id=12564, stack(0x0000004b86a00000,0x0000004b86b00000)]
  0x000001ecf9764fa0 JavaThread "Monitor Deflation Thread" daemon [_thread_blocked, id=5408, stack(0x0000004b86b00000,0x0000004b86c00000)]
=>0x000001ecf9765da0 JavaThread "C2 CompilerThread0" daemon [_thread_in_vm, id=7852, stack(0x0000004b86c00000,0x0000004b86d00000)]
  0x000001ecf976efc0 JavaThread "C1 CompilerThread0" daemon [_thread_blocked, id=12804, stack(0x0000004b86d00000,0x0000004b86e00000)]
  0x000001ecf9782180 JavaThread "Sweeper thread" daemon [_thread_blocked, id=6924, stack(0x0000004b86e00000,0x0000004b86f00000)]

Other Threads:
  0x000001ece26ee3a0 VMThread "VM Thread" [stack: 0x0000004b86500000,0x0000004b86600000] [id=7384]
  0x000001ece2659660 GCTaskThread "GC Thread#0" [stack: 0x0000004b86000000,0x0000004b86100000] [id=5436]
  0x000001ece2662420 ConcurrentGCThread "G1 Main Marker" [stack: 0x0000004b86100000,0x0000004b86200000] [id=6048]
  0x000001ece2663710 ConcurrentGCThread "G1 Conc#0" [stack: 0x0000004b86200000,0x0000004b86300000] [id=2988]
  0x000001ece26ad330 ConcurrentGCThread "G1 Refine#0" [stack: 0x0000004b86300000,0x0000004b86400000] [id=12688]
  0x000001ece26ae630 ConcurrentGCThread "G1 Service" [stack: 0x0000004b86400000,0x0000004b86500000] [id=8536]

Threads with active compile tasks:

VM state: not at safepoint (normal execution)

VM Mutex/Monitor currently owned by a thread:  ([mutex/lock_event])
[0x000001ece2617f00] CompileThread_lock - owner thread: 0x000001ecf9765da0

Heap address: 0x00000000c0c00000, size: 1012 MB, Compressed Oops mode: 32-bit

CDS archive(s) not mapped
Compressed class space mapped at: 0x0000000100000000-0x0000000140000000, reserved size: 1073741824
Narrow klass base: 0x0000000000000000, Narrow klass shift: 3, Narrow klass range: 0x140000000

GC Precious Log:
 CPUs: 4 total, 4 available
 Memory: 4043M
 Large Page Support: Disabled
 NUMA Support: Disabled
 Compressed Oops: Enabled (32-bit)
 Heap Region Size: 1M
 Heap Min Capacity: 8M
 Heap Initial Capacity: 64M
 Heap Max Capacity: 1012M
 Pre-touch: Disabled
 Parallel Workers: 4
 Concurrent Workers: 1
 Concurrent Refinement Workers: 4
 Periodic GC: Disabled

Heap:
 garbage-first heap   total 65536K, used 0K [0x00000000c0c00000, 0x0000000100000000)
  region size 1024K, 1 young (1024K), 0 survivors (0K)
 Metaspace       used 2889K, committed 2944K, reserved 1056768K
  class space    used 211K, committed 256K, reserved 1048576K

Heap Regions: E=young(eden), S=young(survivor), O=old, HS=humongous(starts), HC=humongous(continues), CS=collection set, F=free, OA=open archive, CA=closed archive, TAMS=top-at-mark-start (previous, next)
|   0|0x00000000c0c00000, 0x00000000c0c00000, 0x00000000c0d00000|  0%| F|  |TAMS 0x00000000c0c00000, 0x00000000c0c00000| Untracked 
|   1|0x00000000c0d00000, 0x00000000c0d00000, 0x00000000c0e00000|  0%| F|  |TAMS 0x00000000c0d00000, 0x00000000c0d00000| Untracked 
|   2|0x00000000c0e00000, 0x00000000c0e00000, 0x00000000c0f00000|  0%| F|  |TAMS 0x00000000c0e00000, 0x00000000c0e00000| Untracked 
|   3|0x00000000c0f00000, 0x00000000c0f00000, 0x00000000c1000000|  0%| F|  |TAMS 0x00000000c0f00000, 0x00000000c0f00000| Untracked 
|   4|0x00000000c1000000, 0x00000000c1000000, 0x00000000c1100000|  0%| F|  |TAMS 0x00000000c1000000, 0x00000000c1000000| Untracked 
|   5|0x00000000c1100000, 0x00000000c1100000, 0x00000000c1200000|  0%| F|  |TAMS 0x00000000c1100000, 0x00000000c1100000| Untracked 
|   6|0x00000000c1200000, 0x00000000c1200000, 0x00000000c1300000|  0%| F|  |TAMS 0x00000000c1200000, 0x00000000c1200000| Untracked 
|   7|0x00000000c1300000, 0x00000000c1300000, 0x00000000c1400000|  0%| F|  |TAMS 0x00000000c1300000, 0x00000000c1300000| Untracked 
|   8|0x00000000c1400000, 0x00000000c1400000, 0x00000000c1500000|  0%| F|  |TAMS 0x00000000c1400000, 0x00000000c1400000| Untracked 
|   9|0x00000000c1500000, 0x00000000c1500000, 0x00000000c1600000|  0%| F|  |TAMS 0x00000000c1500000, 0x00000000c1500000| Untracked 
|  10|0x00000000c1600000, 0x00000000c1600000, 0x00000000c1700000|  0%| F|  |TAMS 0x00000000c1600000, 0x00000000c1600000| Untracked 
|  11|0x00000000c1700000, 0x00000000c1700000, 0x00000000c1800000|  0%| F|  |TAMS 0x00000000c1700000, 0x00000000c1700000| Untracked 
|  12|0x00000000c1800000, 0x00000000c1800000, 0x00000000c1900000|  0%| F|  |TAMS 0x00000000c1800000, 0x00000000c1800000| Untracked 
|  13|0x00000000c1900000, 0x00000000c1900000, 0x00000000c1a00000|  0%| F|  |TAMS 0x00000000c1900000, 0x00000000c1900000| Untracked 
|  14|0x00000000c1a00000, 0x00000000c1a00000, 0x00000000c1b00000|  0%| F|  |TAMS 0x00000000c1a00000, 0x00000000c1a00000| Untracked 
|  15|0x00000000c1b00000, 0x00000000c1b00000, 0x00000000c1c00000|  0%| F|  |TAMS 0x00000000c1b00000, 0x00000000c1b00000| Untracked 
|  16|0x00000000c1c00000, 0x00000000c1c00000, 0x00000000c1d00000|  0%| F|  |TAMS 0x00000000c1c00000, 0x00000000c1c00000| Untracked 
|  17|0x00000000c1d00000, 0x00000000c1d00000, 0x00000000c1e00000|  0%| F|  |TAMS 0x00000000c1d00000, 0x00000000c1d00000| Untracked 
|  18|0x00000000c1e00000, 0x00000000c1e00000, 0x00000000c1f00000|  0%| F|  |TAMS 0x00000000c1e00000, 0x00000000c1e00000| Untracked 
|  19|0x00000000c1f00000, 0x00000000c1f00000, 0x00000000c2000000|  0%| F|  |TAMS 0x00000000c1f00000, 0x00000000c1f00000| Untracked 
|  20|0x00000000c2000000, 0x00000000c2000000, 0x00000000c2100000|  0%| F|  |TAMS 0x00000000c2000000, 0x00000000c2000000| Untracked 
|  21|0x00000000c2100000, 0x00000000c2100000, 0x00000000c2200000|  0%| F|  |TAMS 0x00000000c2100000, 0x00000000c2100000| Untracked 
|  22|0x00000000c2200000, 0x00000000c2200000, 0x00000000c2300000|  0%| F|  |TAMS 0x00000000c2200000, 0x00000000c2200000| Untracked 
|  23|0x00000000c2300000, 0x00000000c2300000, 0x00000000c2400000|  0%| F|  |TAMS 0x00000000c2300000, 0x00000000c2300000| Untracked 
|  24|0x00000000c2400000, 0x00000000c2400000, 0x00000000c2500000|  0%| F|  |TAMS 0x00000000c2400000, 0x00000000c2400000| Untracked 
|  25|0x00000000c2500000, 0x00000000c2500000, 0x00000000c2600000|  0%| F|  |TAMS 0x00000000c2500000, 0x00000000c2500000| Untracked 
|  26|0x00000000c2600000, 0x00000000c2600000, 0x00000000c2700000|  0%| F|  |TAMS 0x00000000c2600000, 0x00000000c2600000| Untracked 
|  27|0x00000000c2700000, 0x00000000c2700000, 0x00000000c2800000|  0%| F|  |TAMS 0x00000000c2700000, 0x00000000c2700000| Untracked 
|  28|0x00000000c2800000, 0x00000000c2800000, 0x00000000c2900000|  0%| F|  |TAMS 0x00000000c2800000, 0x00000000c2800000| Untracked 
|  29|0x00000000c2900000, 0x00000000c2900000, 0x00000000c2a00000|  0%| F|  |TAMS 0x00000000c2900000, 0x00000000c2900000| Untracked 
|  30|0x00000000c2a00000, 0x00000000c2a00000, 0x00000000c2b00000|  0%| F|  |TAMS 0x00000000c2a00000, 0x00000000c2a00000| Untracked 
|  31|0x00000000c2b00000, 0x00000000c2b00000, 0x00000000c2c00000|  0%| F|  |TAMS 0x00000000c2b00000, 0x00000000c2b00000| Untracked 
|  32|0x00000000c2c00000, 0x00000000c2c00000, 0x00000000c2d00000|  0%| F|  |TAMS 0x00000000c2c00000, 0x00000000c2c00000| Untracked 
|  33|0x00000000c2d00000, 0x00000000c2d00000, 0x00000000c2e00000|  0%| F|  |TAMS 0x00000000c2d00000, 0x00000000c2d00000| Untracked 
|  34|0x00000000c2e00000, 0x00000000c2e00000, 0x00000000c2f00000|  0%| F|  |TAMS 0x00000000c2e00000, 0x00000000c2e00000| Untracked 
|  35|0x00000000c2f00000, 0x00000000c2f00000, 0x00000000c3000000|  0%| F|  |TAMS 0x00000000c2f00000, 0x00000000c2f00000| Untracked 
|  36|0x00000000c3000000, 0x00000000c3000000, 0x00000000c3100000|  0%| F|  |TAMS 0x00000000c3000000, 0x00000000c3000000| Untracked 
|  37|0x00000000c3100000, 0x00000000c3100000, 0x00000000c3200000|  0%| F|  |TAMS 0x00000000c3100000, 0x00000000c3100000| Untracked 
|  38|0x00000000c3200000, 0x00000000c3200000, 0x00000000c3300000|  0%| F|  |TAMS 0x00000000c3200000, 0x00000000c3200000| Untracked 
|  39|0x00000000c3300000, 0x00000000c3300000, 0x00000000c3400000|  0%| F|  |TAMS 0x00000000c3300000, 0x00000000c3300000| Untracked 
|  40|0x00000000c3400000, 0x00000000c3400000, 0x00000000c3500000|  0%| F|  |TAMS 0x00000000c3400000, 0x00000000c3400000| Untracked 
|  41|0x00000000c3500000, 0x00000000c3500000, 0x00000000c3600000|  0%| F|  |TAMS 0x00000000c3500000, 0x00000000c3500000| Untracked 
|  42|0x00000000c3600000, 0x00000000c3600000, 0x00000000c3700000|  0%| F|  |TAMS 0x00000000c3600000, 0x00000000c3600000| Untracked 
|  43|0x00000000c3700000, 0x00000000c3700000, 0x00000000c3800000|  0%| F|  |TAMS 0x00000000c3700000, 0x00000000c3700000| Untracked 
|  44|0x00000000c3800000, 0x00000000c3800000, 0x00000000c3900000|  0%| F|  |TAMS 0x00000000c3800000, 0x00000000c3800000| Untracked 
|  45|0x00000000c3900000, 0x00000000c3900000, 0x00000000c3a00000|  0%| F|  |TAMS 0x00000000c3900000, 0x00000000c3900000| Untracked 
|  46|0x00000000c3a00000, 0x00000000c3a00000, 0x00000000c3b00000|  0%| F|  |TAMS 0x00000000c3a00000, 0x00000000c3a00000| Untracked 
|  47|0x00000000c3b00000, 0x00000000c3b00000, 0x00000000c3c00000|  0%| F|  |TAMS 0x00000000c3b00000, 0x00000000c3b00000| Untracked 
|  48|0x00000000c3c00000, 0x00000000c3c00000, 0x00000000c3d00000|  0%| F|  |TAMS 0x00000000c3c00000, 0x00000000c3c00000| Untracked 
|  49|0x00000000c3d00000, 0x00000000c3d00000, 0x00000000c3e00000|  0%| F|  |TAMS 0x00000000c3d00000, 0x00000000c3d00000| Untracked 
|  50|0x00000000c3e00000, 0x00000000c3e00000, 0x00000000c3f00000|  0%| F|  |TAMS 0x00000000c3e00000, 0x00000000c3e00000| Untracked 
|  51|0x00000000c3f00000, 0x00000000c3f00000, 0x00000000c4000000|  0%| F|  |TAMS 0x00000000c3f00000, 0x00000000c3f00000| Untracked 
|  52|0x00000000c4000000, 0x00000000c4000000, 0x00000000c4100000|  0%| F|  |TAMS 0x00000000c4000000, 0x00000000c4000000| Untracked 
|  53|0x00000000c4100000, 0x00000000c4100000, 0x00000000c4200000|  0%| F|  |TAMS 0x00000000c4100000, 0x00000000c4100000| Untracked 
|  54|0x00000000c4200000, 0x00000000c4200000, 0x00000000c4300000|  0%| F|  |TAMS 0x00000000c4200000, 0x00000000c4200000| Untracked 
|  55|0x00000000c4300000, 0x00000000c4300000, 0x00000000c4400000|  0%| F|  |TAMS 0x00000000c4300000, 0x00000000c4300000| Untracked 
|  56|0x00000000c4400000, 0x00000000c4400000, 0x00000000c4500000|  0%| F|  |TAMS 0x00000000c4400000, 0x00000000c4400000| Untracked 
|  57|0x00000000c4500000, 0x00000000c4500000, 0x00000000c4600000|  0%| F|  |TAMS 0x00000000c4500000, 0x00000000c4500000| Untracked 
|  58|0x00000000c4600000, 0x00000000c4600000, 0x00000000c4700000|  0%| F|  |TAMS 0x00000000c4600000, 0x00000000c4600000| Untracked 
|  59|0x00000000c4700000, 0x00000000c4700000, 0x00000000c4800000|  0%| F|  |TAMS 0x00000000c4700000, 0x00000000c4700000| Untracked 
|  60|0x00000000c4800000, 0x00000000c4800000, 0x00000000c4900000|  0%| F|  |TAMS 0x00000000c4800000, 0x00000000c4800000| Untracked 
|  61|0x00000000c4900000, 0x00000000c4900000, 0x00000000c4a00000|  0%| F|  |TAMS 0x00000000c4900000, 0x00000000c4900000| Untracked 
|  62|0x00000000c4a00000, 0x00000000c4a00000, 0x00000000c4b00000|  0%| F|  |TAMS 0x00000000c4a00000, 0x00000000c4a00000| Untracked 
|  63|0x00000000c4b00000, 0x00000000c4b85318, 0x00000000c4c00000| 52%| E|  |TAMS 0x00000000c4b00000, 0x00000000c4b00000| Complete 

Card table byte_map: [0x000001ecf4ee0000,0x000001ecf50e0000] _byte_map_base: 0x000001ecf48da000

Marking Bits (Prev, Next): (CMBitMap*) 0x000001ece2659c70, (CMBitMap*) 0x000001ece2659cb0
 Prev Bits: [0x000001ecf52e0000, 0x000001ecf62b0000)
 Next Bits: [0x000001ecf62b0000, 0x000001ecf7280000)

Polling page: 0x000001ece0560000

Metaspace:

Usage:
  Non-class:      2.62 MB used.
      Class:    211.15 KB used.
       Both:      2.82 MB used.

Virtual space:
  Non-class space:        8.00 MB reserved,       2.62 MB ( 33%) committed,  1 nodes.
      Class space:        1.00 GB reserved,     256.00 KB ( <1%) committed,  1 nodes.
             Both:        1.01 GB reserved,       2.88 MB ( <1%) committed. 

Chunk freelists:
   Non-Class:  0 bytes
       Class:  3.75 MB
        Both:  3.75 MB

MaxMetaspaceSize: unlimited
CompressedClassSpaceSize: 1.00 GB
Initial GC threshold: 21.00 MB
Current GC threshold: 21.00 MB
CDS: off
MetaspaceReclaimPolicy: balanced
 - commit_granule_bytes: 65536.
 - commit_granule_words: 8192.
 - virtual_space_node_default_size: 1048576.
 - enlarge_chunks_in_place: 1.
 - new_chunks_are_fully_committed: 0.
 - uncommit_free_chunks: 1.
 - use_allocation_guard: 0.
 - handle_deallocations: 1.


Internal statistics:

num_allocs_failed_limit: 0.
num_arena_births: 2.
num_arena_deaths: 0.
num_vsnodes_births: 2.
num_vsnodes_deaths: 0.
num_space_committed: 46.
num_space_uncommitted: 0.
num_chunks_returned_to_freelist: 0.
num_chunks_taken_from_freelist: 3.
num_chunk_merges: 0.
num_chunk_splits: 1.
num_chunks_enlarged: 0.
num_purges: 0.
num_inconsistent_stats: 0.

CodeHeap 'non-profiled nmethods': size=120000Kb used=0Kb max_used=0Kb free=120000Kb
 bounds [0x000001eced7b0000, 0x000001eceda20000, 0x000001ecf4ce0000]
CodeHeap 'profiled nmethods': size=120000Kb used=0Kb max_used=0Kb free=120000Kb
 bounds [0x000001ece6280000, 0x000001ece64f0000, 0x000001eced7b0000]
CodeHeap 'non-nmethods': size=5760Kb used=413Kb max_used=413Kb free=5346Kb
 bounds [0x000001ece5ce0000, 0x000001ece5f50000, 0x000001ece6280000]
 total_blobs=217 nmethods=0 adapters=182
 compilation: enabled
              stopped_count=0, restarted_count=0
 full_count=0

Compilation events (0 events):
No events

GC Heap History (0 events):
No events

Dll operation events (1 events):
Event: 0.045 Loaded shared library C:\Users\Admin\Downloads\eclipse\plugins\org.eclipse.justj.openjdk.hotspot.jre.full.win32.x86_64_17.0.5.v20221102-0933\jre\bin\java.dll

Deoptimization events (0 events):
No events

Classes unloaded (0 events):
No events

Classes redefined (0 events):
No events

Internal exceptions (0 events):
No events

VM Operations (0 events):
No events

Events (20 events):
Event: 0.514 loading class java/util/Collections$EmptySet
Event: 0.514 loading class java/util/Collections$EmptySet done
Event: 0.514 loading class java/util/Collections$EmptyList
Event: 0.514 loading class java/util/Collections$EmptyList done
Event: 0.514 loading class java/util/Collections$EmptyMap
Event: 0.515 loading class java/util/Collections$EmptyMap done
Event: 0.515 loading class java/lang/IllegalArgumentException
Event: 0.515 loading class java/lang/IllegalArgumentException done
Event: 0.515 Thread 0x000001ecf975c030 Thread added: 0x000001ecf975c030
Event: 0.515 Thread 0x000001ecf975f910 Thread added: 0x000001ecf975f910
Event: 0.515 Thread 0x000001ecf97601d0 Thread added: 0x000001ecf97601d0
Event: 0.515 Thread 0x000001ecf9764fa0 Thread added: 0x000001ecf9764fa0
Event: 0.516 Thread 0x000001ecf9765da0 Thread added: 0x000001ecf9765da0
Event: 0.516 Thread 0x000001ecf976efc0 Thread added: 0x000001ecf976efc0
Event: 0.516 Thread 0x000001ecf9782180 Thread added: 0x000001ecf9782180
Event: 0.517 loading class java/lang/invoke/MethodHandleStatics
Event: 0.517 loading class java/lang/invoke/MethodHandleStatics done
Event: 0.518 loading class jdk/internal/module/ModuleBootstrap
Event: 0.520 loading class jdk/internal/module/ModuleBootstrap done
Event: 0.520 loading class java/lang/module/ModuleDescriptor


Dynamic libraries:
0x00007ff7e04e0000 - 0x00007ff7e04ee000 	C:\Users\Admin\Downloads\eclipse\plugins\org.eclipse.justj.openjdk.hotspot.jre.full.win32.x86_64_17.0.5.v20221102-0933\jre\bin\javaw.exe
0x00007ffc09d50000 - 0x00007ffc09f48000 	C:\Windows\SYSTEM32\ntdll.dll
0x00007ffc087d0000 - 0x00007ffc0888f000 	C:\Windows\System32\KERNEL32.DLL
0x00007ffc075c0000 - 0x00007ffc07892000 	C:\Windows\System32\KERNELBASE.dll
0x00007ffc07ca0000 - 0x00007ffc07da0000 	C:\Windows\System32\ucrtbase.dll
0x00007ffc007a0000 - 0x00007ffc007b7000 	C:\Users\Admin\Downloads\eclipse\plugins\org.eclipse.justj.openjdk.hotspot.jre.full.win32.x86_64_17.0.5.v20221102-0933\jre\bin\jli.dll
0x00007ffc09a00000 - 0x00007ffc09ba1000 	C:\Windows\System32\USER32.dll
0x00007ffc07590000 - 0x00007ffc075b2000 	C:\Windows\System32\win32u.dll
0x00007ffc08890000 - 0x00007ffc088bb000 	C:\Windows\System32\GDI32.dll
0x00007ffc07b40000 - 0x00007ffc07c4f000 	C:\Windows\System32\gdi32full.dll
0x00007ffc074f0000 - 0x00007ffc0758d000 	C:\Windows\System32\msvcp_win.dll
0x00007ffbf9380000 - 0x00007ffbf961a000 	C:\Windows\WinSxS\amd64_microsoft.windows.common-controls_6595b64144ccf1df_6.0.19041.1110_none_60b5254171f9507e\COMCTL32.dll
0x00007ffc00750000 - 0x00007ffc00769000 	C:\Users\Admin\Downloads\eclipse\plugins\org.eclipse.justj.openjdk.hotspot.jre.full.win32.x86_64_17.0.5.v20221102-0933\jre\bin\VCRUNTIME140.dll
0x00007ffc09450000 - 0x00007ffc094ee000 	C:\Windows\System32\msvcrt.dll
0x00007ffc09ce0000 - 0x00007ffc09d10000 	C:\Windows\System32\IMM32.DLL
0x00007ffc04b20000 - 0x00007ffc04b2c000 	C:\Users\Admin\Downloads\eclipse\plugins\org.eclipse.justj.openjdk.hotspot.jre.full.win32.x86_64_17.0.5.v20221102-0933\jre\bin\vcruntime140_1.dll
0x00007ffbfc550000 - 0x00007ffbfc5e1000 	C:\Users\Admin\Downloads\eclipse\plugins\org.eclipse.justj.openjdk.hotspot.jre.full.win32.x86_64_17.0.5.v20221102-0933\jre\bin\msvcp140.dll
0x00007ffbddf20000 - 0x00007ffbdeb64000 	C:\Users\Admin\Downloads\eclipse\plugins\org.eclipse.justj.openjdk.hotspot.jre.full.win32.x86_64_17.0.5.v20221102-0933\jre\bin\server\jvm.dll
0x00007ffc088c0000 - 0x00007ffc0896e000 	C:\Windows\System32\ADVAPI32.dll
0x00007ffc082c0000 - 0x00007ffc0835c000 	C:\Windows\System32\sechost.dll
0x00007ffc08130000 - 0x00007ffc08254000 	C:\Windows\System32\RPCRT4.dll
0x00007ffc04a80000 - 0x00007ffc04a89000 	C:\Windows\SYSTEM32\WSOCK32.dll
0x00007ffc091a0000 - 0x00007ffc0920b000 	C:\Windows\System32\WS2_32.dll
0x00007ffbf6b80000 - 0x00007ffbf6ba7000 	C:\Windows\SYSTEM32\WINMM.dll
0x00007ffbf6bb0000 - 0x00007ffbf6bba000 	C:\Windows\SYSTEM32\VERSION.dll
0x00007ffc05310000 - 0x00007ffc05322000 	C:\Windows\SYSTEM32\kernel.appcore.dll
0x00007ffc02ed0000 - 0x00007ffc02eda000 	C:\Users\Admin\Downloads\eclipse\plugins\org.eclipse.justj.openjdk.hotspot.jre.full.win32.x86_64_17.0.5.v20221102-0933\jre\bin\jimage.dll
0x00007ffbf37e0000 - 0x00007ffbf39c4000 	C:\Windows\SYSTEM32\DBGHELP.DLL
0x00007ffbf37a0000 - 0x00007ffbf37d5000 	C:\Windows\SYSTEM32\dbgcore.DLL
0x00007ffc07950000 - 0x00007ffc079d2000 	C:\Windows\System32\bcryptPrimitives.dll
0x00007ffbfe130000 - 0x00007ffbfe155000 	C:\Users\Admin\Downloads\eclipse\plugins\org.eclipse.justj.openjdk.hotspot.jre.full.win32.x86_64_17.0.5.v20221102-0933\jre\bin\java.dll
0x00007ffc01890000 - 0x00007ffc018a8000 	C:\Users\Admin\Downloads\eclipse\plugins\org.eclipse.justj.openjdk.hotspot.jre.full.win32.x86_64_17.0.5.v20221102-0933\jre\bin\zip.dll
0x00007ffc08970000 - 0x00007ffc090b5000 	C:\Windows\System32\SHELL32.dll
0x00007ffc05510000 - 0x00007ffc05ca2000 	C:\Windows\SYSTEM32\windows.storage.dll
0x00007ffc07dc0000 - 0x00007ffc08115000 	C:\Windows\System32\combase.dll
0x00007ffc06dd0000 - 0x00007ffc06e00000 	C:\Windows\SYSTEM32\Wldp.dll
0x00007ffc09820000 - 0x00007ffc098cd000 	C:\Windows\System32\SHCORE.dll
0x00007ffc08260000 - 0x00007ffc082b5000 	C:\Windows\System32\shlwapi.dll
0x00007ffc07390000 - 0x00007ffc073af000 	C:\Windows\SYSTEM32\profapi.dll

dbghelp: loaded successfully - version: 4.0.5 - missing functions: none
symbol engine: initialized successfully - sym options: 0x614 - pdb path: .;C:\Users\Admin\Downloads\eclipse\plugins\org.eclipse.justj.openjdk.hotspot.jre.full.win32.x86_64_17.0.5.v20221102-0933\jre\bin;C:\Windows\SYSTEM32;C:\Windows\WinSxS\amd64_microsoft.windows.common-controls_6595b64144ccf1df_6.0.19041.1110_none_60b5254171f9507e;C:\Users\Admin\Downloads\eclipse\plugins\org.eclipse.justj.openjdk.hotspot.jre.full.win32.x86_64_17.0.5.v20221102-0933\jre\bin\server

VM Arguments:
jvm_args: -Dfile.encoding=UTF-8 -XX:+ShowCodeDetailsInExceptionMessages 
java_command: methodswd.CloseMethod
java_class_path (initial): D:\selenium notes\Selenium QCO-JSAJAD-M\seleniumproject\bin;D:\selenium notes\Selenium QCO-JSAJAD-M\seleniumproject\jars\selenium-server-4.6.0.jar
Launcher Type: SUN_STANDARD

[Global flags]
     intx CICompilerCount                          = 3                                         {product} {ergonomic}
     uint ConcGCThreads                            = 1                                         {product} {ergonomic}
     uint G1ConcRefinementThreads                  = 4                                         {product} {ergonomic}
   size_t G1HeapRegionSize                         = 1048576                                   {product} {ergonomic}
    uintx GCDrainStackTargetSize                   = 64                                        {product} {ergonomic}
   size_t InitialHeapSize                          = 67108864                                  {product} {ergonomic}
   size_t MarkStackSize                            = 4194304                                   {product} {ergonomic}
   size_t MaxHeapSize                              = 1061158912                                {product} {ergonomic}
   size_t MaxNewSize                               = 636485632                                 {product} {ergonomic}
   size_t MinHeapDeltaBytes                        = 1048576                                   {product} {ergonomic}
   size_t MinHeapSize                              = 8388608                                   {product} {ergonomic}
    uintx NonNMethodCodeHeapSize                   = 5832780                                {pd product} {ergonomic}
    uintx NonProfiledCodeHeapSize                  = 122912730                              {pd product} {ergonomic}
    uintx ProfiledCodeHeapSize                     = 122912730                              {pd product} {ergonomic}
    uintx ReservedCodeCacheSize                    = 251658240                              {pd product} {ergonomic}
     bool SegmentedCodeCache                       = true                                      {product} {ergonomic}
     bool ShowCodeDetailsInExceptionMessages       = true                                   {manageable} {command line}
   size_t SoftMaxHeapSize                          = 1061158912                             {manageable} {ergonomic}
     bool UseCompressedClassPointers               = true                           {product lp64_product} {ergonomic}
     bool UseCompressedOops                        = true                           {product lp64_product} {ergonomic}
     bool UseG1GC                                  = true                                      {product} {ergonomic}
     bool UseLargePagesIndividualAllocation        = false                                  {pd product} {ergonomic}

Logging:
Log output configuration:
 #0: stdout all=warning uptime,level,tags
 #1: stderr all=off uptime,level,tags

Environment Variables:
PATH=C:/Users/Admin/Downloads/eclipse//plugins/org.eclipse.justj.openjdk.hotspot.jre.full.win32.x86_64_17.0.5.v20221102-0933/jre/bin/server;C:/Users/Admin/Downloads/eclipse//plugins/org.eclipse.justj.openjdk.hotspot.jre.full.win32.x86_64_17.0.5.v20221102-0933/jre/bin;C:\Program Files (x86)\VMware\VMware Player\bin\;D:\oracle\product\10.2.0\db_1\bin;C:\Program Files\Common Files\Oracle\Java\javapath;C:\Windows\system32;C:\Windows;C:\Windows\System32\Wbem;C:\Windows\System32\WindowsPowerShell\v1.0\;C:\Windows\System32\OpenSSH\;C:\Users\Admin\AppData\Local\Microsoft\WindowsApps;;C:\Users\Admin\Downloads\eclipse;
USERNAME=Admin
OS=Windows_NT
PROCESSOR_IDENTIFIER=Intel64 Family 6 Model 42 Stepping 7, GenuineIntel
TMP=C:\Users\Admin\AppData\Local\Temp
TEMP=C:\Users\Admin\AppData\Local\Temp



---------------  S Y S T E M  ---------------

OS:
 Windows 10 , 64 bit Build 19041 (10.0.19041.2546)
OS uptime: 2 days 15:51 hours

CPU: total 4 (initial active 4) (2 cores per cpu, 2 threads per core) family 6 model 42 stepping 7 microcode 0x2f, cx8, cmov, fxsr, ht, mmx, sse, sse2, sse3, ssse3, sse4.1, sse4.2, popcnt, tsc, tscinvbit, avx, aes, clmul, vzeroupper, clflush

Memory: 4k page, system-wide physical 4043M (559M free)
TotalPageFile size 6219M (AvailPageFile size 1664M)
current process WorkingSet (physical memory assigned to process): 22M, peak: 22M
current process commit charge ("private bytes"): 124M, peak: 124M

vm_info: OpenJDK 64-Bit Server VM (17.0.5+8) for windows-amd64 JRE (17.0.5+8), built on Oct 19 2022 04:48:13 by "temurin" with MS VC++ 16.7 (VS2019)

END.
